Analysis & Synthesis report for DE1_SoC
Fri Aug 22 10:22:19 2025
Quartus Prime Version 17.0.0 Build 595 04/25/2017 SJ Lite Edition


---------------------
; Table of Contents ;
---------------------
  1. Legal Notice
  2. Analysis & Synthesis Summary
  3. Analysis & Synthesis Settings
  4. Parallel Compilation
  5. Analysis & Synthesis Source Files Read
  6. Analysis & Synthesis Resource Usage Summary
  7. Analysis & Synthesis Resource Utilization by Entity
  8. Registers Removed During Synthesis
  9. General Register Statistics
 10. Inverted Register Statistics
 11. Multiplexer Restructuring Statistics (Restructuring Performed)
 12. Parameter Settings for User Entity Instance: LEDDriver:Driver
 13. Port Connectivity Checks: "LEDDriver:Driver"
 14. Post-Synthesis Netlist Statistics for Top Partition
 15. Elapsed Time Per Partition
 16. Analysis & Synthesis Messages
 17. Analysis & Synthesis Suppressed Messages



----------------
; Legal Notice ;
----------------
Copyright (C) 2017  Intel Corporation. All rights reserved.
Your use of Intel Corporation's design tools, logic functions 
and other software and tools, and its AMPP partner logic 
functions, and any output files from any of the foregoing 
(including device programming or simulation files), and any 
associated documentation or information are expressly subject 
to the terms and conditions of the Intel Program License 
Subscription Agreement, the Intel Quartus Prime License Agreement,
the Intel MegaCore Function License Agreement, or other 
applicable license agreement, including, without limitation, 
that your use is for the sole purpose of programming logic 
devices manufactured by Intel and sold by Intel or its 
authorized distributors.  Please refer to the applicable 
agreement for further details.



+-------------------------------------------------------------------------------+
; Analysis & Synthesis Summary                                                  ;
+---------------------------------+---------------------------------------------+
; Analysis & Synthesis Status     ; Successful - Fri Aug 22 10:22:19 2025       ;
; Quartus Prime Version           ; 17.0.0 Build 595 04/25/2017 SJ Lite Edition ;
; Revision Name                   ; DE1_SoC                                     ;
; Top-level Entity Name           ; DE1_SoC                                     ;
; Family                          ; Cyclone V                                   ;
; Logic utilization (in ALMs)     ; N/A                                         ;
; Total registers                 ; 758                                         ;
; Total pins                      ; 103                                         ;
; Total virtual pins              ; 0                                           ;
; Total block memory bits         ; 0                                           ;
; Total DSP Blocks                ; 0                                           ;
; Total HSSI RX PCSs              ; 0                                           ;
; Total HSSI PMA RX Deserializers ; 0                                           ;
; Total HSSI TX PCSs              ; 0                                           ;
; Total HSSI PMA TX Serializers   ; 0                                           ;
; Total PLLs                      ; 0                                           ;
; Total DLLs                      ; 0                                           ;
+---------------------------------+---------------------------------------------+


+---------------------------------------------------------------------------------------------------------------------------+
; Analysis & Synthesis Settings                                                                                             ;
+---------------------------------------------------------------------------------+--------------------+--------------------+
; Option                                                                          ; Setting            ; Default Value      ;
+---------------------------------------------------------------------------------+--------------------+--------------------+
; Device                                                                          ; 5CSEMA5F31C6       ;                    ;
; Top-level entity name                                                           ; DE1_SoC            ; DE1_SoC            ;
; Family name                                                                     ; Cyclone V          ; Cyclone V          ;
; State Machine Processing                                                        ; User-Encoded       ; Auto               ;
; Use smart compilation                                                           ; Off                ; Off                ;
; Enable parallel Assembler and TimeQuest Timing Analyzer during compilation      ; On                 ; On                 ;
; Enable compact report table                                                     ; Off                ; Off                ;
; Restructure Multiplexers                                                        ; Auto               ; Auto               ;
; MLAB Add Timing Constraints For Mixed-Port Feed-Through Mode Setting Don't Care ; Off                ; Off                ;
; Create Debugging Nodes for IP Cores                                             ; Off                ; Off                ;
; Preserve fewer node names                                                       ; On                 ; On                 ;
; OpenCore Plus hardware evaluation                                               ; Enable             ; Enable             ;
; Verilog Version                                                                 ; Verilog_2001       ; Verilog_2001       ;
; VHDL Version                                                                    ; VHDL_1993          ; VHDL_1993          ;
; Safe State Machine                                                              ; Off                ; Off                ;
; Extract Verilog State Machines                                                  ; On                 ; On                 ;
; Extract VHDL State Machines                                                     ; On                 ; On                 ;
; Ignore Verilog initial constructs                                               ; Off                ; Off                ;
; Iteration limit for constant Verilog loops                                      ; 5000               ; 5000               ;
; Iteration limit for non-constant Verilog loops                                  ; 250                ; 250                ;
; Add Pass-Through Logic to Inferred RAMs                                         ; On                 ; On                 ;
; Infer RAMs from Raw Logic                                                       ; On                 ; On                 ;
; Parallel Synthesis                                                              ; On                 ; On                 ;
; DSP Block Balancing                                                             ; Auto               ; Auto               ;
; NOT Gate Push-Back                                                              ; On                 ; On                 ;
; Power-Up Don't Care                                                             ; On                 ; On                 ;
; Remove Redundant Logic Cells                                                    ; Off                ; Off                ;
; Remove Duplicate Registers                                                      ; On                 ; On                 ;
; Ignore CARRY Buffers                                                            ; Off                ; Off                ;
; Ignore CASCADE Buffers                                                          ; Off                ; Off                ;
; Ignore GLOBAL Buffers                                                           ; Off                ; Off                ;
; Ignore ROW GLOBAL Buffers                                                       ; Off                ; Off                ;
; Ignore LCELL Buffers                                                            ; Off                ; Off                ;
; Ignore SOFT Buffers                                                             ; On                 ; On                 ;
; Limit AHDL Integers to 32 Bits                                                  ; Off                ; Off                ;
; Optimization Technique                                                          ; Balanced           ; Balanced           ;
; Carry Chain Length                                                              ; 70                 ; 70                 ;
; Auto Carry Chains                                                               ; On                 ; On                 ;
; Auto Open-Drain Pins                                                            ; On                 ; On                 ;
; Perform WYSIWYG Primitive Resynthesis                                           ; Off                ; Off                ;
; Auto ROM Replacement                                                            ; On                 ; On                 ;
; Auto RAM Replacement                                                            ; On                 ; On                 ;
; Auto DSP Block Replacement                                                      ; On                 ; On                 ;
; Auto Shift Register Replacement                                                 ; Auto               ; Auto               ;
; Allow Shift Register Merging across Hierarchies                                 ; Auto               ; Auto               ;
; Auto Clock Enable Replacement                                                   ; On                 ; On                 ;
; Strict RAM Replacement                                                          ; Off                ; Off                ;
; Allow Synchronous Control Signals                                               ; On                 ; On                 ;
; Force Use of Synchronous Clear Signals                                          ; Off                ; Off                ;
; Auto Resource Sharing                                                           ; Off                ; Off                ;
; Allow Any RAM Size For Recognition                                              ; Off                ; Off                ;
; Allow Any ROM Size For Recognition                                              ; Off                ; Off                ;
; Allow Any Shift Register Size For Recognition                                   ; Off                ; Off                ;
; Use LogicLock Constraints during Resource Balancing                             ; On                 ; On                 ;
; Ignore translate_off and synthesis_off directives                               ; Off                ; Off                ;
; Timing-Driven Synthesis                                                         ; On                 ; On                 ;
; Report Parameter Settings                                                       ; On                 ; On                 ;
; Report Source Assignments                                                       ; On                 ; On                 ;
; Report Connectivity Checks                                                      ; On                 ; On                 ;
; Ignore Maximum Fan-Out Assignments                                              ; Off                ; Off                ;
; Synchronization Register Chain Length                                           ; 3                  ; 3                  ;
; PowerPlay Power Optimization During Synthesis                                   ; Normal compilation ; Normal compilation ;
; HDL message level                                                               ; Level2             ; Level2             ;
; Suppress Register Optimization Related Messages                                 ; Off                ; Off                ;
; Number of Removed Registers Reported in Synthesis Report                        ; 5000               ; 5000               ;
; Number of Swept Nodes Reported in Synthesis Report                              ; 5000               ; 5000               ;
; Number of Inverted Registers Reported in Synthesis Report                       ; 100                ; 100                ;
; Clock MUX Protection                                                            ; On                 ; On                 ;
; Auto Gated Clock Conversion                                                     ; Off                ; Off                ;
; Block Design Naming                                                             ; Auto               ; Auto               ;
; SDC constraint protection                                                       ; Off                ; Off                ;
; Synthesis Effort                                                                ; Auto               ; Auto               ;
; Shift Register Replacement - Allow Asynchronous Clear Signal                    ; On                 ; On                 ;
; Pre-Mapping Resynthesis Optimization                                            ; Off                ; Off                ;
; Analysis & Synthesis Message Level                                              ; Medium             ; Medium             ;
; Disable Register Merging Across Hierarchies                                     ; Auto               ; Auto               ;
; Resource Aware Inference For Block RAM                                          ; On                 ; On                 ;
; Automatic Parallel Synthesis                                                    ; On                 ; On                 ;
; Partial Reconfiguration Bitstream ID                                            ; Off                ; Off                ;
+---------------------------------------------------------------------------------+--------------------+--------------------+


+------------------------------------------+
; Parallel Compilation                     ;
+----------------------------+-------------+
; Processors                 ; Number      ;
+----------------------------+-------------+
; Number detected on machine ; 12          ;
; Maximum allowed            ; 6           ;
;                            ;             ;
; Average used               ; 1.00        ;
; Maximum used               ; 6           ;
;                            ;             ;
; Usage by Processor         ; % Time Used ;
;     Processor 1            ; 100.0%      ;
;     Processor 2            ;   0.0%      ;
;     Processor 3            ;   0.0%      ;
;     Processor 4            ;   0.0%      ;
;     Processor 5            ;   0.0%      ;
;     Processor 6            ;   0.0%      ;
+----------------------------+-------------+


+---------------------------------------------------------------------------------------------------------------------------------------------+
; Analysis & Synthesis Source Files Read                                                                                                      ;
+----------------------------------+-----------------+------------------------------+-----------------------------------------------+---------+
; File Name with User-Entered Path ; Used in Netlist ; File Type                    ; File Name with Absolute Path                  ; Library ;
+----------------------------------+-----------------+------------------------------+-----------------------------------------------+---------+
; DE1_SoC.sv                       ; yes             ; User SystemVerilog HDL File  ; C:/ee271labs/Lab6_files/DE1_SoC.sv            ;         ;
; input_conversion.sv              ; yes             ; User SystemVerilog HDL File  ; C:/ee271labs/Lab6_files/input_conversion.sv   ;         ;
; victory_display.sv               ; yes             ; User SystemVerilog HDL File  ; C:/ee271labs/Lab6_files/victory_display.sv    ;         ;
; anti_metastability.sv            ; yes             ; User SystemVerilog HDL File  ; C:/ee271labs/Lab6_files/anti_metastability.sv ;         ;
; LFSR_10b.sv                      ; yes             ; User SystemVerilog HDL File  ; C:/ee271labs/Lab6_files/LFSR_10b.sv           ;         ;
; LEDDriver.sv                     ; yes             ; User SystemVerilog HDL File  ; C:/ee271labs/Lab6_files/LEDDriver.sv          ;         ;
; control_green.sv                 ; yes             ; User SystemVerilog HDL File  ; C:/ee271labs/Lab6_files/control_green.sv      ;         ;
; shift_obst.sv                    ; yes             ; User SystemVerilog HDL File  ; C:/ee271labs/Lab6_files/shift_obst.sv         ;         ;
; control_red.sv                   ; yes             ; User SystemVerilog HDL File  ; C:/ee271labs/Lab6_files/control_red.sv        ;         ;
; detect_end.sv                    ; yes             ; User SystemVerilog HDL File  ; C:/ee271labs/Lab6_files/detect_end.sv         ;         ;
+----------------------------------+-----------------+------------------------------+-----------------------------------------------+---------+


+--------------------------------------------------------------+
; Analysis & Synthesis Resource Usage Summary                  ;
+---------------------------------------------+----------------+
; Resource                                    ; Usage          ;
+---------------------------------------------+----------------+
; Estimate of Logic utilization (ALMs needed) ; 674            ;
;                                             ;                ;
; Combinational ALUT usage for logic          ; 969            ;
;     -- 7 input functions                    ; 0              ;
;     -- 6 input functions                    ; 275            ;
;     -- 5 input functions                    ; 294            ;
;     -- 4 input functions                    ; 128            ;
;     -- <=3 input functions                  ; 272            ;
;                                             ;                ;
; Dedicated logic registers                   ; 758            ;
;                                             ;                ;
; I/O pins                                    ; 103            ;
;                                             ;                ;
; Total DSP Blocks                            ; 0              ;
;                                             ;                ;
; Maximum fan-out node                        ; CLOCK_50~input ;
; Maximum fan-out                             ; 758            ;
; Total fan-out                               ; 7034           ;
; Average fan-out                             ; 3.64           ;
+---------------------------------------------+----------------+


+------------------------------------------------------------------------------------------------------------------------------------------------------------------------------------------------------------------------------------+
; Analysis & Synthesis Resource Utilization by Entity                                                                                                                                                                                ;
+-----------------------------------+---------------------+---------------------------+-------------------+------------+------+--------------+---------------------------------------------------+--------------------+--------------+
; Compilation Hierarchy Node        ; Combinational ALUTs ; Dedicated Logic Registers ; Block Memory Bits ; DSP Blocks ; Pins ; Virtual Pins ; Full Hierarchy Name                               ; Entity Name        ; Library Name ;
+-----------------------------------+---------------------+---------------------------+-------------------+------------+------+--------------+---------------------------------------------------+--------------------+--------------+
; |DE1_SoC                          ; 969 (0)             ; 758 (0)                   ; 0                 ; 0          ; 103  ; 0            ; |DE1_SoC                                          ; DE1_SoC            ; work         ;
;    |LEDDriver:Driver|             ; 168 (168)           ; 18 (18)                   ; 0                 ; 0          ; 0    ; 0            ; |DE1_SoC|LEDDriver:Driver                         ; LEDDriver          ; work         ;
;    |LFSR_10b:lfsr|                ; 6 (6)               ; 20 (20)                   ; 0                 ; 0          ; 0    ; 0            ; |DE1_SoC|LFSR_10b:lfsr                            ; LFSR_10b           ; work         ;
;    |anti_metastability:anti0|     ; 1 (1)               ; 2 (2)                     ; 0                 ; 0          ; 0    ; 0            ; |DE1_SoC|anti_metastability:anti0                 ; anti_metastability ; work         ;
;    |anti_metastability:anti1|     ; 1 (1)               ; 2 (2)                     ; 0                 ; 0          ; 0    ; 0            ; |DE1_SoC|anti_metastability:anti1                 ; anti_metastability ; work         ;
;    |anti_metastability:anti2|     ; 1 (1)               ; 2 (2)                     ; 0                 ; 0          ; 0    ; 0            ; |DE1_SoC|anti_metastability:anti2                 ; anti_metastability ; work         ;
;    |anti_metastability:anti3|     ; 1 (1)               ; 2 (2)                     ; 0                 ; 0          ; 0    ; 0            ; |DE1_SoC|anti_metastability:anti3                 ; anti_metastability ; work         ;
;    |anti_metastability:anti4|     ; 0 (0)               ; 2 (2)                     ; 0                 ; 0          ; 0    ; 0            ; |DE1_SoC|anti_metastability:anti4                 ; anti_metastability ; work         ;
;    |control_green:grn|            ; 289 (289)           ; 265 (265)                 ; 0                 ; 0          ; 0    ; 0            ; |DE1_SoC|control_green:grn                        ; control_green      ; work         ;
;    |control_red:rd|               ; 404 (334)           ; 436 (276)                 ; 0                 ; 0          ; 0    ; 0            ; |DE1_SoC|control_red:rd                           ; control_red        ; work         ;
;       |shift_obst:row_arr[0].row| ; 7 (7)               ; 16 (16)                   ; 0                 ; 0          ; 0    ; 0            ; |DE1_SoC|control_red:rd|shift_obst:row_arr[0].row ; shift_obst         ; work         ;
;       |shift_obst:row_arr[1].row| ; 7 (7)               ; 16 (16)                   ; 0                 ; 0          ; 0    ; 0            ; |DE1_SoC|control_red:rd|shift_obst:row_arr[1].row ; shift_obst         ; work         ;
;       |shift_obst:row_arr[2].row| ; 7 (7)               ; 16 (16)                   ; 0                 ; 0          ; 0    ; 0            ; |DE1_SoC|control_red:rd|shift_obst:row_arr[2].row ; shift_obst         ; work         ;
;       |shift_obst:row_arr[3].row| ; 7 (7)               ; 16 (16)                   ; 0                 ; 0          ; 0    ; 0            ; |DE1_SoC|control_red:rd|shift_obst:row_arr[3].row ; shift_obst         ; work         ;
;       |shift_obst:row_arr[4].row| ; 7 (7)               ; 16 (16)                   ; 0                 ; 0          ; 0    ; 0            ; |DE1_SoC|control_red:rd|shift_obst:row_arr[4].row ; shift_obst         ; work         ;
;       |shift_obst:row_arr[5].row| ; 7 (7)               ; 16 (16)                   ; 0                 ; 0          ; 0    ; 0            ; |DE1_SoC|control_red:rd|shift_obst:row_arr[5].row ; shift_obst         ; work         ;
;       |shift_obst:row_arr[6].row| ; 7 (7)               ; 16 (16)                   ; 0                 ; 0          ; 0    ; 0            ; |DE1_SoC|control_red:rd|shift_obst:row_arr[6].row ; shift_obst         ; work         ;
;       |shift_obst:row_arr[7].row| ; 7 (7)               ; 16 (16)                   ; 0                 ; 0          ; 0    ; 0            ; |DE1_SoC|control_red:rd|shift_obst:row_arr[7].row ; shift_obst         ; work         ;
;       |shift_obst:row_arr[8].row| ; 7 (7)               ; 16 (16)                   ; 0                 ; 0          ; 0    ; 0            ; |DE1_SoC|control_red:rd|shift_obst:row_arr[8].row ; shift_obst         ; work         ;
;       |shift_obst:row_arr[9].row| ; 7 (7)               ; 16 (16)                   ; 0                 ; 0          ; 0    ; 0            ; |DE1_SoC|control_red:rd|shift_obst:row_arr[9].row ; shift_obst         ; work         ;
;    |detect_end:detector|          ; 93 (93)             ; 2 (2)                     ; 0                 ; 0          ; 0    ; 0            ; |DE1_SoC|detect_end:detector                      ; detect_end         ; work         ;
;    |input_conversion:conv0|       ; 0 (0)               ; 1 (1)                     ; 0                 ; 0          ; 0    ; 0            ; |DE1_SoC|input_conversion:conv0                   ; input_conversion   ; work         ;
;    |input_conversion:conv1|       ; 0 (0)               ; 1 (1)                     ; 0                 ; 0          ; 0    ; 0            ; |DE1_SoC|input_conversion:conv1                   ; input_conversion   ; work         ;
;    |input_conversion:conv2|       ; 0 (0)               ; 1 (1)                     ; 0                 ; 0          ; 0    ; 0            ; |DE1_SoC|input_conversion:conv2                   ; input_conversion   ; work         ;
;    |input_conversion:conv3|       ; 0 (0)               ; 1 (1)                     ; 0                 ; 0          ; 0    ; 0            ; |DE1_SoC|input_conversion:conv3                   ; input_conversion   ; work         ;
;    |input_conversion:conv4|       ; 1 (1)               ; 1 (1)                     ; 0                 ; 0          ; 0    ; 0            ; |DE1_SoC|input_conversion:conv4                   ; input_conversion   ; work         ;
;    |victory_display:vict|         ; 4 (4)               ; 2 (2)                     ; 0                 ; 0          ; 0    ; 0            ; |DE1_SoC|victory_display:vict                     ; victory_display    ; work         ;
+-----------------------------------+---------------------+---------------------------+-------------------+------------+------+--------------+---------------------------------------------------+--------------------+--------------+
Note: For table entries with two numbers listed, the numbers in parentheses indicate the number of resources of the given type used by the specific entity alone. The numbers listed outside of parentheses indicate the total resources of the given type used by the specific entity and all of its sub-entities in the hierarchy.


+----------------------------------------------------------------------------------+
; Registers Removed During Synthesis                                               ;
+-----------------------------------------+----------------------------------------+
; Register name                           ; Reason for Removal                     ;
+-----------------------------------------+----------------------------------------+
; victory_display:vict|ps[2..31]          ; Stuck at GND due to stuck port data_in ;
; input_conversion:conv4|ps[1..31]        ; Stuck at GND due to stuck port data_in ;
; input_conversion:conv3|ps[1..31]        ; Stuck at GND due to stuck port data_in ;
; input_conversion:conv2|ps[1..31]        ; Stuck at GND due to stuck port data_in ;
; input_conversion:conv1|ps[1..31]        ; Stuck at GND due to stuck port data_in ;
; input_conversion:conv0|ps[1..31]        ; Stuck at GND due to stuck port data_in ;
; control_red:rd|red[0][10]               ; Merged with control_red:rd|red[0][0]   ;
; control_red:rd|red[0][11]               ; Merged with control_red:rd|red[0][0]   ;
; control_red:rd|red[0][12]               ; Merged with control_red:rd|red[0][0]   ;
; control_red:rd|red[0][13]               ; Merged with control_red:rd|red[0][0]   ;
; control_red:rd|red[0][14]               ; Merged with control_red:rd|red[0][0]   ;
; control_red:rd|red[0][15]               ; Merged with control_red:rd|red[0][0]   ;
; control_red:rd|red[0][1]                ; Merged with control_red:rd|red[0][0]   ;
; control_red:rd|red[0][2]                ; Merged with control_red:rd|red[0][0]   ;
; control_red:rd|red[0][3]                ; Merged with control_red:rd|red[0][0]   ;
; control_red:rd|red[0][4]                ; Merged with control_red:rd|red[0][0]   ;
; control_red:rd|red[0][5]                ; Merged with control_red:rd|red[0][0]   ;
; control_red:rd|red[0][6]                ; Merged with control_red:rd|red[0][0]   ;
; control_red:rd|red[0][7]                ; Merged with control_red:rd|red[0][0]   ;
; control_red:rd|red[0][8]                ; Merged with control_red:rd|red[0][0]   ;
; control_red:rd|red[0][9]                ; Merged with control_red:rd|red[0][0]   ;
; control_red:rd|red[10][0]               ; Merged with control_red:rd|red[0][0]   ;
; control_red:rd|red[10][10]              ; Merged with control_red:rd|red[0][0]   ;
; control_red:rd|red[10][11]              ; Merged with control_red:rd|red[0][0]   ;
; control_red:rd|red[10][12]              ; Merged with control_red:rd|red[0][0]   ;
; control_red:rd|red[10][13]              ; Merged with control_red:rd|red[0][0]   ;
; control_red:rd|red[10][14]              ; Merged with control_red:rd|red[0][0]   ;
; control_red:rd|red[10][15]              ; Merged with control_red:rd|red[0][0]   ;
; control_red:rd|red[10][1]               ; Merged with control_red:rd|red[0][0]   ;
; control_red:rd|red[10][2]               ; Merged with control_red:rd|red[0][0]   ;
; control_red:rd|red[10][3]               ; Merged with control_red:rd|red[0][0]   ;
; control_red:rd|red[10][4]               ; Merged with control_red:rd|red[0][0]   ;
; control_red:rd|red[10][5]               ; Merged with control_red:rd|red[0][0]   ;
; control_red:rd|red[10][6]               ; Merged with control_red:rd|red[0][0]   ;
; control_red:rd|red[10][7]               ; Merged with control_red:rd|red[0][0]   ;
; control_red:rd|red[10][8]               ; Merged with control_red:rd|red[0][0]   ;
; control_red:rd|red[10][9]               ; Merged with control_red:rd|red[0][0]   ;
; control_red:rd|red[12][0]               ; Merged with control_red:rd|red[0][0]   ;
; control_red:rd|red[12][10]              ; Merged with control_red:rd|red[0][0]   ;
; control_red:rd|red[12][11]              ; Merged with control_red:rd|red[0][0]   ;
; control_red:rd|red[12][12]              ; Merged with control_red:rd|red[0][0]   ;
; control_red:rd|red[12][13]              ; Merged with control_red:rd|red[0][0]   ;
; control_red:rd|red[12][14]              ; Merged with control_red:rd|red[0][0]   ;
; control_red:rd|red[12][15]              ; Merged with control_red:rd|red[0][0]   ;
; control_red:rd|red[12][1]               ; Merged with control_red:rd|red[0][0]   ;
; control_red:rd|red[12][2]               ; Merged with control_red:rd|red[0][0]   ;
; control_red:rd|red[12][3]               ; Merged with control_red:rd|red[0][0]   ;
; control_red:rd|red[12][4]               ; Merged with control_red:rd|red[0][0]   ;
; control_red:rd|red[12][5]               ; Merged with control_red:rd|red[0][0]   ;
; control_red:rd|red[12][6]               ; Merged with control_red:rd|red[0][0]   ;
; control_red:rd|red[12][7]               ; Merged with control_red:rd|red[0][0]   ;
; control_red:rd|red[12][8]               ; Merged with control_red:rd|red[0][0]   ;
; control_red:rd|red[12][9]               ; Merged with control_red:rd|red[0][0]   ;
; control_red:rd|red[15][0]               ; Merged with control_red:rd|red[0][0]   ;
; control_red:rd|red[15][10]              ; Merged with control_red:rd|red[0][0]   ;
; control_red:rd|red[15][11]              ; Merged with control_red:rd|red[0][0]   ;
; control_red:rd|red[15][12]              ; Merged with control_red:rd|red[0][0]   ;
; control_red:rd|red[15][13]              ; Merged with control_red:rd|red[0][0]   ;
; control_red:rd|red[15][14]              ; Merged with control_red:rd|red[0][0]   ;
; control_red:rd|red[15][15]              ; Merged with control_red:rd|red[0][0]   ;
; control_red:rd|red[15][1]               ; Merged with control_red:rd|red[0][0]   ;
; control_red:rd|red[15][2]               ; Merged with control_red:rd|red[0][0]   ;
; control_red:rd|red[15][3]               ; Merged with control_red:rd|red[0][0]   ;
; control_red:rd|red[15][4]               ; Merged with control_red:rd|red[0][0]   ;
; control_red:rd|red[15][5]               ; Merged with control_red:rd|red[0][0]   ;
; control_red:rd|red[15][6]               ; Merged with control_red:rd|red[0][0]   ;
; control_red:rd|red[15][7]               ; Merged with control_red:rd|red[0][0]   ;
; control_red:rd|red[15][8]               ; Merged with control_red:rd|red[0][0]   ;
; control_red:rd|red[15][9]               ; Merged with control_red:rd|red[0][0]   ;
; control_red:rd|red[8][0]                ; Merged with control_red:rd|red[0][0]   ;
; control_red:rd|red[8][10]               ; Merged with control_red:rd|red[0][0]   ;
; control_red:rd|red[8][11]               ; Merged with control_red:rd|red[0][0]   ;
; control_red:rd|red[8][12]               ; Merged with control_red:rd|red[0][0]   ;
; control_red:rd|red[8][13]               ; Merged with control_red:rd|red[0][0]   ;
; control_red:rd|red[8][14]               ; Merged with control_red:rd|red[0][0]   ;
; control_red:rd|red[8][15]               ; Merged with control_red:rd|red[0][0]   ;
; control_red:rd|red[8][1]                ; Merged with control_red:rd|red[0][0]   ;
; control_red:rd|red[8][2]                ; Merged with control_red:rd|red[0][0]   ;
; control_red:rd|red[8][3]                ; Merged with control_red:rd|red[0][0]   ;
; control_red:rd|red[8][4]                ; Merged with control_red:rd|red[0][0]   ;
; control_red:rd|red[8][5]                ; Merged with control_red:rd|red[0][0]   ;
; control_red:rd|red[8][6]                ; Merged with control_red:rd|red[0][0]   ;
; control_red:rd|red[8][7]                ; Merged with control_red:rd|red[0][0]   ;
; control_red:rd|red[8][8]                ; Merged with control_red:rd|red[0][0]   ;
; control_red:rd|red[8][9]                ; Merged with control_red:rd|red[0][0]   ;
; Total Number of Removed Registers = 264 ;                                        ;
+-----------------------------------------+----------------------------------------+


+------------------------------------------------------+
; General Register Statistics                          ;
+----------------------------------------------+-------+
; Statistic                                    ; Value ;
+----------------------------------------------+-------+
; Total registers                              ; 758   ;
; Number of registers using Synchronous Clear  ; 403   ;
; Number of registers using Synchronous Load   ; 162   ;
; Number of registers using Asynchronous Clear ; 0     ;
; Number of registers using Asynchronous Load  ; 0     ;
; Number of registers using Clock Enable       ; 449   ;
; Number of registers using Preset             ; 0     ;
+----------------------------------------------+-------+


+---------------------------------------------------+
; Inverted Register Statistics                      ;
+-----------------------------------------+---------+
; Inverted Register                       ; Fan out ;
+-----------------------------------------+---------+
; control_green:grn|vert_position[0]      ; 22      ;
; control_green:grn|vert_position[1]      ; 21      ;
; control_green:grn|vert_position[2]      ; 20      ;
; control_green:grn|vert_position[3]      ; 19      ;
; control_green:grn|horiz_position[3]     ; 260     ;
; LFSR_10b:lfsr|out[3]                    ; 17      ;
; LFSR_10b:lfsr|out[0]                    ; 17      ;
; LFSR_10b:lfsr|out[6]                    ; 17      ;
; LFSR_10b:lfsr|out[7]                    ; 17      ;
; LFSR_10b:lfsr|intermediate[3]           ; 3       ;
; LFSR_10b:lfsr|intermediate[0]           ; 2       ;
; LFSR_10b:lfsr|intermediate[6]           ; 2       ;
; LFSR_10b:lfsr|intermediate[7]           ; 2       ;
; Total number of inverted registers = 13 ;         ;
+-----------------------------------------+---------+


+-----------------------------------------------------------------------------------------------------------------------------------------------------------------------------+
; Multiplexer Restructuring Statistics (Restructuring Performed)                                                                                                              ;
+--------------------+-----------+---------------+----------------------+------------------------+------------+---------------------------------------------------------------+
; Multiplexer Inputs ; Bus Width ; Baseline Area ; Area if Restructured ; Saving if Restructured ; Registered ; Example Multiplexer Output                                    ;
+--------------------+-----------+---------------+----------------------+------------------------+------------+---------------------------------------------------------------+
; 3:1                ; 32 bits   ; 64 LEs        ; 0 LEs                ; 64 LEs                 ; Yes        ; |DE1_SoC|control_red:rd|counter3[6]                           ;
; 4:1                ; 6 bits    ; 12 LEs        ; 12 LEs               ; 0 LEs                  ; Yes        ; |DE1_SoC|control_red:rd|shift_obst:row_arr[8].row|out_seq[15] ;
; 4:1                ; 10 bits   ; 20 LEs        ; 0 LEs                ; 20 LEs                 ; Yes        ; |DE1_SoC|control_red:rd|shift_obst:row_arr[8].row|out_seq[12] ;
; 4:1                ; 6 bits    ; 12 LEs        ; 12 LEs               ; 0 LEs                  ; Yes        ; |DE1_SoC|control_red:rd|shift_obst:row_arr[7].row|out_seq[0]  ;
; 4:1                ; 10 bits   ; 20 LEs        ; 0 LEs                ; 20 LEs                 ; Yes        ; |DE1_SoC|control_red:rd|shift_obst:row_arr[7].row|out_seq[8]  ;
; 4:1                ; 6 bits    ; 12 LEs        ; 12 LEs               ; 0 LEs                  ; Yes        ; |DE1_SoC|control_red:rd|shift_obst:row_arr[9].row|out_seq[5]  ;
; 4:1                ; 10 bits   ; 20 LEs        ; 0 LEs                ; 20 LEs                 ; Yes        ; |DE1_SoC|control_red:rd|shift_obst:row_arr[9].row|out_seq[13] ;
; 4:1                ; 6 bits    ; 12 LEs        ; 12 LEs               ; 0 LEs                  ; Yes        ; |DE1_SoC|control_red:rd|shift_obst:row_arr[6].row|out_seq[7]  ;
; 4:1                ; 10 bits   ; 20 LEs        ; 0 LEs                ; 20 LEs                 ; Yes        ; |DE1_SoC|control_red:rd|shift_obst:row_arr[6].row|out_seq[10] ;
; 4:1                ; 6 bits    ; 12 LEs        ; 12 LEs               ; 0 LEs                  ; Yes        ; |DE1_SoC|control_red:rd|shift_obst:row_arr[5].row|out_seq[9]  ;
; 4:1                ; 10 bits   ; 20 LEs        ; 0 LEs                ; 20 LEs                 ; Yes        ; |DE1_SoC|control_red:rd|shift_obst:row_arr[5].row|out_seq[11] ;
; 4:1                ; 6 bits    ; 12 LEs        ; 12 LEs               ; 0 LEs                  ; Yes        ; |DE1_SoC|control_red:rd|shift_obst:row_arr[4].row|out_seq[14] ;
; 4:1                ; 10 bits   ; 20 LEs        ; 0 LEs                ; 20 LEs                 ; Yes        ; |DE1_SoC|control_red:rd|shift_obst:row_arr[4].row|out_seq[2]  ;
; 4:1                ; 6 bits    ; 12 LEs        ; 12 LEs               ; 0 LEs                  ; Yes        ; |DE1_SoC|control_red:rd|shift_obst:row_arr[3].row|out_seq[5]  ;
; 4:1                ; 10 bits   ; 20 LEs        ; 0 LEs                ; 20 LEs                 ; Yes        ; |DE1_SoC|control_red:rd|shift_obst:row_arr[3].row|out_seq[14] ;
; 4:1                ; 6 bits    ; 12 LEs        ; 12 LEs               ; 0 LEs                  ; Yes        ; |DE1_SoC|control_red:rd|shift_obst:row_arr[2].row|out_seq[6]  ;
; 4:1                ; 10 bits   ; 20 LEs        ; 0 LEs                ; 20 LEs                 ; Yes        ; |DE1_SoC|control_red:rd|shift_obst:row_arr[2].row|out_seq[14] ;
; 4:1                ; 6 bits    ; 12 LEs        ; 12 LEs               ; 0 LEs                  ; Yes        ; |DE1_SoC|control_red:rd|shift_obst:row_arr[1].row|out_seq[13] ;
; 4:1                ; 10 bits   ; 20 LEs        ; 0 LEs                ; 20 LEs                 ; Yes        ; |DE1_SoC|control_red:rd|shift_obst:row_arr[1].row|out_seq[14] ;
; 4:1                ; 6 bits    ; 12 LEs        ; 12 LEs               ; 0 LEs                  ; Yes        ; |DE1_SoC|control_red:rd|shift_obst:row_arr[0].row|out_seq[7]  ;
; 4:1                ; 10 bits   ; 20 LEs        ; 0 LEs                ; 20 LEs                 ; Yes        ; |DE1_SoC|control_red:rd|shift_obst:row_arr[0].row|out_seq[11] ;
; 4:1                ; 2 bits    ; 4 LEs         ; 2 LEs                ; 2 LEs                  ; Yes        ; |DE1_SoC|control_green:grn|horiz_position[2]                  ;
; 5:1                ; 2 bits    ; 6 LEs         ; 4 LEs                ; 2 LEs                  ; Yes        ; |DE1_SoC|control_red:rd|slow_enable                           ;
; 5:1                ; 48 bits   ; 144 LEs       ; 48 LEs               ; 96 LEs                 ; Yes        ; |DE1_SoC|control_red:rd|red[6][2]                             ;
; 5:1                ; 64 bits   ; 192 LEs       ; 128 LEs              ; 64 LEs                 ; Yes        ; |DE1_SoC|control_red:rd|red[7][6]                             ;
; 6:1                ; 16 bits   ; 64 LEs        ; 16 LEs               ; 48 LEs                 ; Yes        ; |DE1_SoC|control_red:rd|red[5][7]                             ;
; 6:1                ; 16 bits   ; 64 LEs        ; 32 LEs               ; 32 LEs                 ; Yes        ; |DE1_SoC|control_red:rd|red[3][11]                            ;
; 6:1                ; 16 bits   ; 64 LEs        ; 32 LEs               ; 32 LEs                 ; Yes        ; |DE1_SoC|control_red:rd|red[2][7]                             ;
; 6:1                ; 16 bits   ; 64 LEs        ; 32 LEs               ; 32 LEs                 ; Yes        ; |DE1_SoC|control_red:rd|red[1][3]                             ;
; 8:1                ; 32 bits   ; 160 LEs       ; 0 LEs                ; 160 LEs                ; Yes        ; |DE1_SoC|control_red:rd|counter2[17]                          ;
; 8:1                ; 32 bits   ; 160 LEs       ; 0 LEs                ; 160 LEs                ; Yes        ; |DE1_SoC|control_red:rd|counter1[3]                           ;
; 4:1                ; 3 bits    ; 6 LEs         ; 3 LEs                ; 3 LEs                  ; Yes        ; |DE1_SoC|control_green:grn|vert_position[1]                   ;
; 16:1               ; 16 bits   ; 160 LEs       ; 160 LEs              ; 0 LEs                  ; No         ; |DE1_SoC|LEDDriver:Driver|Mux13                               ;
; 15:1               ; 16 bits   ; 160 LEs       ; 128 LEs              ; 32 LEs                 ; No         ; |DE1_SoC|LEDDriver:Driver|Mux27                               ;
+--------------------+-----------+---------------+----------------------+------------------------+------------+---------------------------------------------------------------+


+---------------------------------------------------------------+
; Parameter Settings for User Entity Instance: LEDDriver:Driver ;
+----------------+-------+--------------------------------------+
; Parameter Name ; Value ; Type                                 ;
+----------------+-------+--------------------------------------+
; FREQDIV        ; 14    ; Signed Integer                       ;
+----------------+-------+--------------------------------------+
Note: In order to hide this table in the UI and the text report file, please set the "Show Parameter Settings in Synthesis Report" option in "Analysis and Synthesis Settings -> More Settings" to "Off".


+-----------------------------------------------+
; Port Connectivity Checks: "LEDDriver:Driver"  ;
+-------------+-------+----------+--------------+
; Port        ; Type  ; Severity ; Details      ;
+-------------+-------+----------+--------------+
; EnableCount ; Input ; Info     ; Stuck at VCC ;
+-------------+-------+----------+--------------+


+-----------------------------------------------------+
; Post-Synthesis Netlist Statistics for Top Partition ;
+-----------------------+-----------------------------+
; Type                  ; Count                       ;
+-----------------------+-----------------------------+
; arriav_ff             ; 758                         ;
;     ENA               ; 15                          ;
;     ENA SCLR          ; 274                         ;
;     ENA SCLR SLD      ; 100                         ;
;     ENA SLD           ; 60                          ;
;     SCLR              ; 28                          ;
;     SCLR SLD          ; 1                           ;
;     SLD               ; 1                           ;
;     plain             ; 279                         ;
; arriav_lcell_comb     ; 972                         ;
;     arith             ; 114                         ;
;         1 data inputs ; 114                         ;
;     normal            ; 858                         ;
;         0 data inputs ; 2                           ;
;         1 data inputs ; 10                          ;
;         2 data inputs ; 77                          ;
;         3 data inputs ; 72                          ;
;         4 data inputs ; 128                         ;
;         5 data inputs ; 294                         ;
;         6 data inputs ; 275                         ;
; boundary_port         ; 103                         ;
;                       ;                             ;
; Max LUT depth         ; 4.10                        ;
; Average LUT depth     ; 2.58                        ;
+-----------------------+-----------------------------+


+-------------------------------+
; Elapsed Time Per Partition    ;
+----------------+--------------+
; Partition Name ; Elapsed Time ;
+----------------+--------------+
; Top            ; 00:00:01     ;
+----------------+--------------+


+-------------------------------+
; Analysis & Synthesis Messages ;
+-------------------------------+
Info: *******************************************************************
Info: Running Quartus Prime Analysis & Synthesis
    Info: Version 17.0.0 Build 595 04/25/2017 SJ Lite Edition
    Info: Processing started: Fri Aug 22 10:22:07 2025
Info: Command: quartus_map --read_settings_files=on --write_settings_files=off DE1_SoC -c DE1_SoC
Info (20030): Parallel compilation is enabled and will use 6 of the 6 processors detected
Info (12021): Found 1 design units, including 1 entities, in source file clock_divider.sv
    Info (12023): Found entity 1: clock_divider File: C:/ee271labs/Lab6_files/clock_divider.sv Line: 2
Info (12021): Found 2 design units, including 2 entities, in source file de1_soc.sv
    Info (12023): Found entity 1: DE1_SoC File: C:/ee271labs/Lab6_files/DE1_SoC.sv Line: 2
    Info (12023): Found entity 2: DE1_SoC_testbench File: C:/ee271labs/Lab6_files/DE1_SoC.sv Line: 149
Info (12021): Found 2 design units, including 2 entities, in source file input_conversion.sv
    Info (12023): Found entity 1: input_conversion File: C:/ee271labs/Lab6_files/input_conversion.sv Line: 1
    Info (12023): Found entity 2: input_conversion_testbench File: C:/ee271labs/Lab6_files/input_conversion.sv Line: 32
Info (12021): Found 2 design units, including 2 entities, in source file victory_display.sv
    Info (12023): Found entity 1: victory_display File: C:/ee271labs/Lab6_files/victory_display.sv Line: 1
    Info (12023): Found entity 2: victory_display_testbench File: C:/ee271labs/Lab6_files/victory_display.sv Line: 77
Info (12021): Found 1 design units, including 1 entities, in source file anti_metastability.sv
    Info (12023): Found entity 1: anti_metastability File: C:/ee271labs/Lab6_files/anti_metastability.sv Line: 1
Info (12021): Found 2 design units, including 2 entities, in source file all_lights.sv
    Info (12023): Found entity 1: all_lights File: C:/ee271labs/Lab6_files/all_lights.sv Line: 1
    Info (12023): Found entity 2: all_lights_testbench File: C:/ee271labs/Lab6_files/all_lights.sv Line: 97
Info (12021): Found 1 design units, including 1 entities, in source file counter.sv
    Info (12023): Found entity 1: counter File: C:/ee271labs/Lab6_files/counter.sv Line: 1
Info (12021): Found 2 design units, including 2 entities, in source file lfsr_10b.sv
    Info (12023): Found entity 1: LFSR_10b File: C:/ee271labs/Lab6_files/LFSR_10b.sv Line: 1
    Info (12023): Found entity 2: LFSR_10b_testbench File: C:/ee271labs/Lab6_files/LFSR_10b.sv Line: 24
Info (12021): Found 2 design units, including 2 entities, in source file comparator.sv
    Info (12023): Found entity 1: comparator File: C:/ee271labs/Lab6_files/comparator.sv Line: 1
    Info (12023): Found entity 2: comparator_testbench File: C:/ee271labs/Lab6_files/comparator.sv Line: 19
Info (12021): Found 3 design units, including 3 entities, in source file leddriver.sv
    Info (12023): Found entity 1: LEDDriver File: C:/ee271labs/Lab6_files/LEDDriver.sv Line: 13
    Info (12023): Found entity 2: LEDDriver_Test File: C:/ee271labs/Lab6_files/LEDDriver.sv Line: 34
    Info (12023): Found entity 3: LEDDriver_TestPhysical File: C:/ee271labs/Lab6_files/LEDDriver.sv Line: 71
Info (12021): Found 2 design units, including 2 entities, in source file led_test.sv
    Info (12023): Found entity 1: LED_test File: C:/ee271labs/Lab6_files/LED_test.sv Line: 1
    Info (12023): Found entity 2: LED_test_testbench File: C:/ee271labs/Lab6_files/LED_test.sv Line: 60
Info (12021): Found 2 design units, including 2 entities, in source file control_green.sv
    Info (12023): Found entity 1: control_green File: C:/ee271labs/Lab6_files/control_green.sv Line: 3
    Info (12023): Found entity 2: control_green_testbench File: C:/ee271labs/Lab6_files/control_green.sv Line: 76
Info (12021): Found 2 design units, including 2 entities, in source file shift_obst.sv
    Info (12023): Found entity 1: shift_obst File: C:/ee271labs/Lab6_files/shift_obst.sv Line: 1
    Info (12023): Found entity 2: shift_obst_testbench File: C:/ee271labs/Lab6_files/shift_obst.sv Line: 25
Info (12021): Found 2 design units, including 2 entities, in source file control_red.sv
    Info (12023): Found entity 1: control_red File: C:/ee271labs/Lab6_files/control_red.sv Line: 3
    Info (12023): Found entity 2: control_red_testbench File: C:/ee271labs/Lab6_files/control_red.sv Line: 243
Info (12021): Found 2 design units, including 2 entities, in source file detect_end.sv
    Info (12023): Found entity 1: detect_end File: C:/ee271labs/Lab6_files/detect_end.sv Line: 1
    Info (12023): Found entity 2: detect_end_testbench File: C:/ee271labs/Lab6_files/detect_end.sv Line: 80
Info (12021): Found 0 design units, including 0 entities, in source file win_sound.sv
Info (12127): Elaborating entity "DE1_SoC" for the top level hierarchy
Info (12128): Elaborating entity "anti_metastability" for hierarchy "anti_metastability:anti0" File: C:/ee271labs/Lab6_files/DE1_SoC.sv Line: 57
Info (12128): Elaborating entity "input_conversion" for hierarchy "input_conversion:conv0" File: C:/ee271labs/Lab6_files/DE1_SoC.sv Line: 59
Info (12128): Elaborating entity "LFSR_10b" for hierarchy "LFSR_10b:lfsr" File: C:/ee271labs/Lab6_files/DE1_SoC.sv Line: 94
Info (12128): Elaborating entity "control_green" for hierarchy "control_green:grn" File: C:/ee271labs/Lab6_files/DE1_SoC.sv Line: 108
Info (12128): Elaborating entity "control_red" for hierarchy "control_red:rd" File: C:/ee271labs/Lab6_files/DE1_SoC.sv Line: 112
Info (12128): Elaborating entity "shift_obst" for hierarchy "control_red:rd|shift_obst:row_arr[0].row" File: C:/ee271labs/Lab6_files/control_red.sv Line: 128
Info (12128): Elaborating entity "LEDDriver" for hierarchy "LEDDriver:Driver" File: C:/ee271labs/Lab6_files/DE1_SoC.sv Line: 126
Info (12128): Elaborating entity "detect_end" for hierarchy "detect_end:detector" File: C:/ee271labs/Lab6_files/DE1_SoC.sv Line: 134
Info (12128): Elaborating entity "victory_display" for hierarchy "victory_display:vict" File: C:/ee271labs/Lab6_files/DE1_SoC.sv Line: 138
Info (286030): Timing-Driven Synthesis is running
Info (144001): Generated suppressed messages file C:/ee271labs/Lab6_files/output_files/DE1_SoC.map.smsg
Info (16010): Generating hard_block partition "hard_block:auto_generated_inst"
    Info (16011): Adding 0 node(s), including 0 DDIO, 0 PLL, 0 transceiver and 0 LCELL
Info (21057): Implemented 1199 device resources after synthesis - the final resource count might be different
    Info (21058): Implemented 15 input pins
    Info (21059): Implemented 88 output pins
    Info (21061): Implemented 1096 logic cells
Info: Quartus Prime Analysis & Synthesis was successful. 0 errors, 0 warnings
    Info: Peak virtual memory: 4866 megabytes
    Info: Processing ended: Fri Aug 22 10:22:19 2025
    Info: Elapsed time: 00:00:12
    Info: Total CPU time (on all processors): 00:00:25


+------------------------------------------+
; Analysis & Synthesis Suppressed Messages ;
+------------------------------------------+
The suppressed messages can be found in C:/ee271labs/Lab6_files/output_files/DE1_SoC.map.smsg.


